<?xml version="1.0" encoding="UTF-8"?>
<testsuite xmlns:xsi="http://www.w3.org/2001/XMLSchema-instance" xsi:noNamespaceSchemaLocation="https://maven.apache.org/surefire/maven-surefire-plugin/xsd/surefire-test-report.xsd" name="kjd.playground.AppTest" time="0.157" tests="1" errors="0" skipped="0" failures="0">
  <properties>
    <property name="awt.toolkit" value="sun.awt.X11.XToolkit"/>
    <property name="file.encoding.pkg" value="sun.io"/>
    <property name="java.specification.version" value="1.8"/>
    <property name="sun.cpu.isalist" value=""/>
    <property name="sun.jnu.encoding" value="UTF-8"/>
    <property name="java.class.path" value="/workspaces/maven-release-test/maven-release-test-data/target/test-classes:/workspaces/maven-release-test/maven-release-test-data/target/classes:/home/vscode/.m2/repository/junit/junit/3.8.1/junit-3.8.1.jar:"/>
    <property name="java.vm.vendor" value="Temurin"/>
    <property name="sun.arch.data.model" value="64"/>
    <property name="java.vendor.url" value="https://adoptium.net/"/>
    <property name="user.timezone" value=""/>
    <property name="java.vm.specification.version" value="1.8"/>
    <property name="os.name" value="Linux"/>
    <property name="user.country" value="US"/>
    <property name="sun.java.launcher" value="SUN_STANDARD"/>
    <property name="sun.boot.library.path" value="/usr/local/sdkman/candidates/java/8.0.345-tem/jre/lib/amd64"/>
    <property name="sun.java.command" value="/workspaces/maven-release-test/maven-release-test-data/target/surefire/surefirebooter5409664779278780864.jar /workspaces/maven-release-test/maven-release-test-data/target/surefire 2022-09-15T00-29-07_309-jvmRun1 surefire2823890787281370430tmp surefire_01265646880442018534tmp"/>
    <property name="surefire.test.class.path" value="/workspaces/maven-release-test/maven-release-test-data/target/test-classes:/workspaces/maven-release-test/maven-release-test-data/target/classes:/home/vscode/.m2/repository/junit/junit/3.8.1/junit-3.8.1.jar:"/>
    <property name="sun.cpu.endian" value="little"/>
    <property name="user.home" value="/home/vscode"/>
    <property name="user.language" value="en"/>
    <property name="java.specification.vendor" value="Oracle Corporation"/>
    <property name="java.home" value="/usr/local/sdkman/candidates/java/8.0.345-tem/jre"/>
    <property name="basedir" value="/workspaces/maven-release-test/maven-release-test-data"/>
    <property name="file.separator" value="/"/>
    <property name="line.separator" value="&#10;"/>
    <property name="java.vm.specification.vendor" value="Oracle Corporation"/>
    <property name="java.specification.name" value="Java Platform API Specification"/>
    <property name="java.awt.graphicsenv" value="sun.awt.X11GraphicsEnvironment"/>
    <property name="surefire.real.class.path" value="/workspaces/maven-release-test/maven-release-test-data/target/surefire/surefirebooter5409664779278780864.jar"/>
    <property name="sun.boot.class.path" value="/usr/local/sdkman/candidates/java/8.0.345-tem/jre/lib/resources.jar:/usr/local/sdkman/candidates/java/8.0.345-tem/jre/lib/rt.jar:/usr/local/sdkman/candidates/java/8.0.345-tem/jre/lib/sunrsasign.jar:/usr/local/sdkman/candidates/java/8.0.345-tem/jre/lib/jsse.jar:/usr/local/sdkman/candidates/java/8.0.345-tem/jre/lib/jce.jar:/usr/local/sdkman/candidates/java/8.0.345-tem/jre/lib/charsets.jar:/usr/local/sdkman/candidates/java/8.0.345-tem/jre/lib/jfr.jar:/usr/local/sdkman/candidates/java/8.0.345-tem/jre/classes"/>
    <property name="sun.management.compiler" value="HotSpot 64-Bit Tiered Compilers"/>
    <property name="java.runtime.version" value="1.8.0_345-b01"/>
    <property name="user.name" value="vscode"/>
    <property name="path.separator" value=":"/>
    <property name="os.version" value="4.19.121-linuxkit"/>
    <property name="java.endorsed.dirs" value="/usr/local/sdkman/candidates/java/8.0.345-tem/jre/lib/endorsed"/>
    <property name="java.runtime.name" value="OpenJDK Runtime Environment"/>
    <property name="file.encoding" value="UTF-8"/>
    <property name="java.vm.name" value="OpenJDK 64-Bit Server VM"/>
    <property name="localRepository" value="/home/vscode/.m2/repository"/>
    <property name="java.vendor.url.bug" value="https://github.com/adoptium/adoptium-support/issues"/>
    <property name="java.io.tmpdir" value="/tmp"/>
    <property name="java.version" value="1.8.0_345"/>
    <property name="user.dir" value="/workspaces/maven-release-test/maven-release-test-data"/>
    <property name="os.arch" value="amd64"/>
    <property name="java.vm.specification.name" value="Java Virtual Machine Specification"/>
    <property name="java.awt.printerjob" value="sun.print.PSPrinterJob"/>
    <property name="sun.os.patch.level" value="unknown"/>
    <property name="java.library.path" value="/usr/java/packages/lib/amd64:/usr/lib64:/lib64:/lib:/usr/lib"/>
    <property name="java.vm.info" value="mixed mode"/>
    <property name="java.vendor" value="Temurin"/>
    <property name="java.vm.version" value="25.345-b01"/>
    <property name="java.ext.dirs" value="/usr/local/sdkman/candidates/java/8.0.345-tem/jre/lib/ext:/usr/java/packages/lib/ext"/>
    <property name="sun.io.unicode.encoding" value="UnicodeLittle"/>
    <property name="java.class.version" value="52.0"/>
  </properties>
  <testcase name="testApp" classname="kjd.playground.AppTest" time="0.005"/>
</testsuite>